0 info it worked if it ends with ok
1 verbose cli [ '/usr/local/bin/node', '/usr/local/bin/npm', 'publish' ]
2 info using npm@2.14.12
3 info using node@v4.2.4
4 verbose publish [ '.' ]
5 silly cache add args [ '.', null ]
6 verbose cache add spec .
7 silly cache add parsed spec Result {
7 silly cache add   raw: '.',
7 silly cache add   scope: null,
7 silly cache add   name: null,
7 silly cache add   rawSpec: '.',
7 silly cache add   spec: '/Users/colinlai/Development/Workspace/localbitcoins-lib',
7 silly cache add   type: 'directory' }
8 verbose addLocalDirectory /Users/colinlai/.npm/localbitcoins-lib/0.1.0/package.tgz not in flight; packing
9 verbose tar pack [ '/Users/colinlai/.npm/localbitcoins-lib/0.1.0/package.tgz',
9 verbose tar pack   '/Users/colinlai/Development/Workspace/localbitcoins-lib' ]
10 verbose tarball /Users/colinlai/.npm/localbitcoins-lib/0.1.0/package.tgz
11 verbose folder /Users/colinlai/Development/Workspace/localbitcoins-lib
12 info prepublish localbitcoins-lib@0.1.0
13 verbose addLocalTarball adding from inside cache /Users/colinlai/.npm/localbitcoins-lib/0.1.0/package.tgz
14 silly cache afterAdd localbitcoins-lib@0.1.0
15 verbose afterAdd /Users/colinlai/.npm/localbitcoins-lib/0.1.0/package/package.json not in flight; writing
16 verbose afterAdd /Users/colinlai/.npm/localbitcoins-lib/0.1.0/package/package.json written
17 silly publish { name: 'localbitcoins-lib',
17 silly publish   version: '0.1.0',
17 silly publish   description: 'Localbitcoins API Node Library',
17 silly publish   main: 'index.js',
17 silly publish   scripts: { test: 'echo "Error: no test specified" && exit 1' },
17 silly publish   keywords: [ 'bitcoin', 'localbitcoins', 'library' ],
17 silly publish   repository:
17 silly publish    { type: 'git',
17 silly publish      url: 'git+https://github.com/baserunner-cl/localbitcoins-lib.git' },
17 silly publish   author:
17 silly publish    { name: 'Colin Lai',
17 silly publish      email: 'baserunner.cl@gmail.com',
17 silly publish      url: 'http://baserunner-cl.github.io' },
17 silly publish   license: 'MIT',
17 silly publish   dependencies: { q: '^1.4.1' },
17 silly publish   readme: '# localbitcoins-lib\n\nThis is a NodeJS client library for interfacing [localbitcoins](https://localbitcoins.com).\n\n## Change Log\n\n### Version 0.1\n\n- Support Myself [reference](https://localbitcoins.com/api-docs/#api_toc1)\n- Support Wallet [reference](https://localbitcoins.com/api-docs/#api_toc16)\n- Support Quote (Tickers) [reference](https://localbitcoins.com/api-docs/#toc7)\n\n### Version 0.2\n\n- Support OrderBook and Trades [reference](https://localbitcoins.com/api-docs/#toc7)\n- Refactored Quote, align the get latest and subscription functions\n\n## Installation\n\n`npm install localbitcoins-lib`\n\n## Quick Start\n\n## HMAC Key and Secret\n\nIn order to interface [localbitcoins](https://localbitcoins.com) with HMAC option, key and secret have to created beforehand. Please refer to [localbitcoins\'s API](https://localbitcoins.com/api-docs/#toc2) for more information\n\n## Code Sample\n\n```javascript\n\n\'use strict\';\n\nvar localbitcoins = require(\'localbitcoins-lib\');\n\nvar context = new localbitcoins.LocalBitcoinsContext({\n  useHmac: true,\n  hmacKey: <hmac_key>,\n  hmacSecret: <hmac_secret>\n});\n\ncontext.connect()\n  .then(function (data) {\n    console.log(context.myself.profile.username);\n\n    // get the latest order book snapshot\n    // for **Trades**, same as **OrderBook** below - just replace _OrderBook_ with _Trades_\n    // for **Quote**, no parameter is needed.\n    context.OrderBook.getLatest({currency: \'HKD\'})\n      .then(function(orderbook) {\n        // orderbook\n      })\n      .fail(function(error) {\n        // error\n      });\n\n    // subscribe order book snapshot, interval in millisecond. 5000ms (5s) by default\n    context.OrderBook.subscribe({ intervalInMs: 5000, currency: \'HKD\'})\n      .then(function() {\n        // subscription done\n      })\n      .progress(function(orderbookUpdate) {\n        // order book subscription update\n      })\n      .fail(function(error) {\n        // order book subscription error\n      });\n\n    // just an example, to stop subscription after 20s\n    setTimeout(function() {\n      context.OrderBook.unsubscribe({currency: \'HKD\'});\n    }, 20000);\n\n    // load wallet\n    context.loadWallet()\n      .then(function (wallet) {\n        console.log(wallet);\n      })\n      .fail(function (error) {\n        console.error(\'Load wallet failed\');\n      });\n  })\n  .fail(function (error) {\n    // error when make connection to localbitcoins\n  });\n\n```\n',
17 silly publish   readmeFilename: 'README.md',
17 silly publish   gitHead: 'c86494271ea18bf9b4a645cc522443989301b067',
17 silly publish   bugs: { url: 'https://github.com/baserunner-cl/localbitcoins-lib/issues' },
17 silly publish   homepage: 'https://github.com/baserunner-cl/localbitcoins-lib#readme',
17 silly publish   _id: 'localbitcoins-lib@0.1.0',
17 silly publish   _shasum: 'ef4cb4333e0d1733253127b703be705ebb623a85',
17 silly publish   _from: '.' }
18 verbose getPublishConfig undefined
19 silly mapToRegistry name localbitcoins-lib
20 silly mapToRegistry using default registry
21 silly mapToRegistry registry https://registry.npmjs.org/
22 silly mapToRegistry uri https://registry.npmjs.org/localbitcoins-lib
23 verbose publish registryBase https://registry.npmjs.org/
24 silly publish uploading /Users/colinlai/.npm/localbitcoins-lib/0.1.0/package.tgz
25 verbose request uri https://registry.npmjs.org/localbitcoins-lib
26 verbose request sending authorization for write operation
27 info attempt registry request try #1 at 7:15:18 PM
28 verbose request using bearer token for auth
29 verbose request id afb399c9bd063e3d
30 http request PUT https://registry.npmjs.org/localbitcoins-lib
31 http 403 https://registry.npmjs.org/localbitcoins-lib
32 verbose headers { 'content-type': 'application/json',
32 verbose headers   'cache-control': 'max-age=300',
32 verbose headers   'content-length': '95',
32 verbose headers   'accept-ranges': 'bytes',
32 verbose headers   date: 'Sun, 28 Feb 2016 11:15:15 GMT',
32 verbose headers   via: '1.1 varnish',
32 verbose headers   connection: 'keep-alive',
32 verbose headers   'x-served-by': 'cache-hkg6826-HKG',
32 verbose headers   'x-cache': 'MISS',
32 verbose headers   'x-cache-hits': '0',
32 verbose headers   'x-timer': 'S1456658114.299651,VS0,VE749' }
33 verbose request invalidating /Users/colinlai/.npm/registry.npmjs.org/localbitcoins-lib on PUT
34 error publish Failed PUT 403
35 verbose stack Error: "You cannot publish over the previously published version 0.1.0." : localbitcoins-lib
35 verbose stack     at makeError (/usr/local/lib/node_modules/npm/node_modules/npm-registry-client/lib/request.js:264:12)
35 verbose stack     at CachingRegistryClient.<anonymous> (/usr/local/lib/node_modules/npm/node_modules/npm-registry-client/lib/request.js:252:14)
35 verbose stack     at Request._callback (/usr/local/lib/node_modules/npm/node_modules/npm-registry-client/lib/request.js:172:14)
35 verbose stack     at Request.self.callback (/usr/local/lib/node_modules/npm/node_modules/request/request.js:198:22)
35 verbose stack     at emitTwo (events.js:87:13)
35 verbose stack     at Request.emit (events.js:172:7)
35 verbose stack     at Request.<anonymous> (/usr/local/lib/node_modules/npm/node_modules/request/request.js:1082:10)
35 verbose stack     at emitOne (events.js:82:20)
35 verbose stack     at Request.emit (events.js:169:7)
35 verbose stack     at IncomingMessage.<anonymous> (/usr/local/lib/node_modules/npm/node_modules/request/request.js:1009:12)
36 verbose statusCode 403
37 verbose pkgid localbitcoins-lib
38 verbose cwd /Users/colinlai/Development/Workspace/localbitcoins-lib
39 error Darwin 14.5.0
40 error argv "/usr/local/bin/node" "/usr/local/bin/npm" "publish"
41 error node v4.2.4
42 error npm  v2.14.12
43 error code E403
44 error "You cannot publish over the previously published version 0.1.0." : localbitcoins-lib
45 error If you need help, you may report this error at:
45 error     <https://github.com/npm/npm/issues>
46 verbose exit [ 1, true ]
